#
# There is insufficient memory for the Java Runtime Environment to continue.
# Native memory allocation (mmap) failed to map 1048576 bytes. Error detail: G1 virtual space
# Possible reasons:
#   The system is out of physical RAM or swap space
#   This process is running with CompressedOops enabled, and the Java Heap may be blocking the growth of the native heap
# Possible solutions:
#   Reduce memory load on the system
#   Increase physical memory or swap space
#   Check if swap backing store is full
#   Decrease Java heap size (-Xmx/-Xms)
#   Decrease number of Java threads
#   Decrease Java thread stack sizes (-Xss)
#   Set larger code cache with -XX:ReservedCodeCacheSize=
#   JVM is running with Unscaled Compressed Oops mode in which the Java heap is
#     placed in the first 4GB address space. The Java Heap base address is the
#     maximum limit for the native heap growth. Please use -XX:HeapBaseMinAddress
#     to set the Java Heap base and to place the Java Heap above 4GB virtual address.
# This output file may be truncated or incomplete.
#
#  Out of Memory Error (os_windows.cpp:3631), pid=22976, tid=22776
#
# JRE version: Java(TM) SE Runtime Environment (22.0.2+9) (build 22.0.2+9-70)
# Java VM: Java HotSpot(TM) 64-Bit Server VM (22.0.2+9-70, mixed mode, emulated-client, sharing, tiered, compressed oops, compressed class ptrs, g1 gc, windows-amd64)
# No core dump will be written. Minidumps are not enabled by default on client versions of Windows
#

---------------  S U M M A R Y ------------

Command Line: -XX:TieredStopAtLevel=1 -Dspring.output.ansi.enabled=always -Dcom.sun.management.jmxremote -Dspring.jmx.enabled=true -Dspring.liveBeansView.mbeanDomain -Dspring.application.admin.enabled=true -Dmanagement.endpoints.jmx.exposure.include=* -javaagent:C:\Program Files\JetBrains\IntelliJ IDEA 2024.2.1\lib\idea_rt.jar=50660:C:\Program Files\JetBrains\IntelliJ IDEA 2024.2.1\bin -Dfile.encoding=UTF-8 -Dsun.stdout.encoding=UTF-8 -Dsun.stderr.encoding=UTF-8 projet.creche.CrecheApplication

Host: Intel(R) Core(TM) i5-8265U CPU @ 1.60GHz, 8 cores, 7G,  Windows 11 , 64 bit Build 26100 (10.0.26100.3624)
Time: Sun Mar 30 11:35:20 2025 Paris, Madrid (heure duild 26100 (10.0.26100.3624) elapsed time: 144.631192 seconds (0d 0h 2m 24s)

---------------  T H R E A D  ---------------

Current thread (0x000001e745c65c60):  WorkerThread "GC Thread#4"    [id=22776, stack(0x0000007f06300000,0x0000007f06400000) (1024K)]

Stack: [0x0000007f06300000,0x0000007f06400000]
Native frames: (J=compiled Java code, j=interpreted, Vv=VM code, C=native code)
V  [jvm.dll+0x6e26e9]  (no source info available)
V  [jvm.dll+0x875753]  (no source info available)
V  [jvm.dll+0x877b7e]  (no source info available)
V  [jvm.dll+0x878253]  (no source info available)
V  [jvm.dll+0x27fc86]  (no source info available)
V  [jvm.dll+0x6ded85]  (no source info available)
V  [jvm.dll+0x6d388a]  (no source info available)
V  [jvm.dll+0x358b8a]  (no source info available)
V  [jvm.dll+0x3610b6]  (no source info available)
V  [jvm.dll+0x3b3e9b]  (no source info available)
V  [jvm.dll+0x3b4534]  (no source info available)
V  [jvm.dll+0x3b45fd]  (no source info available)
V  [jvm.dll+0x32dcfc]  (no source info available)
V  [jvm.dll+0x32da2d]  (no source info available)
V  [jvm.dll+0x31c875]  (no source info available)
V  [jvm.dll+0x31cc46]  (no source info available)
V  [jvm.dll+0x31d8da]  (no source info available)
V  [jvm.dll+0x31dcb4]  (no source info available)
V  [jvm.dll+0x31d747]  (no source info available)
V  [jvm.dll+0x35a991]  (no source info available)
V  [jvm.dll+0x35b011]  (no source info available)
V  [jvm.dll+0x35c27f]  (no source info available)
V  [jvm.dll+0x35859e]  (no source info available)
V  [jvm.dll+0x365b9b]  (no source info available)
V  [jvm.dll+0x367909]  (no source info available)
V  [jvm.dll+0x36610a]  (no source info available)
V  [jvm.dll+0x367581]  (no source info available)
V  [jvm.dll+0x372913]  (no source info available)
V  [jvm.dll+0x372bfb]  (no source info available)
V  [jvm.dll+0x8a4bb7]  (no source info available)
V  [jvm.dll+0x81dc0b]  (no source info available)
V  [jvm.dll+0x6e0d85]  (no source info available)
C  [ucrtbase.dll+0x37b0]  (no source info available)
C  [KERNEL32.DLL+0x2e8d7]  (no source info available)
C  [ntdll.dll+0xb14fc]  (no source info available)


---------------  P R O C E S S  ---------------

Threads class SMR info:
_java_thread_list=0x000001e749095e60, length=34, elements={
0x000001e776dd8b90, 0x000001e776de3230, 0x000001e776de8060, 0x000001e776de86d0,
0x000001e776dece80, 0x000001e776ded880, 0x000001e74515fd60, 0x000001e745256240,
0x000001e7456c5550, 0x000001e7456c5bc0, 0x000001e745a385d0, 0x000001e745b0b100,
0x000001e745b09a70, 0x000001e747fc0140, 0x000001e747fc2f30, 0x000001e747fc14f0,
0x000001e7494e8130, 0x000001e7494e87c0, 0x000001e7494e6060, 0x000001e7494e9b70,
0x000001e7494e66f0, 0x000001e7494ea200, 0x000001e7494ea890, 0x000001e7494e7410,
0x000001e7494eaf20, 0x000001e7494eb5b0, 0x000001e7494ebc40, 0x000001e7494ec960,
0x000001e7494ec2d0, 0x000001e7494ecff0, 0x000001e7494ed680, 0x000001e747fc0e60,
0x000001e748fee110, 0x000001e748fec6d0
}

Java Threads: ( => current thread )
  0x000001e776dd8b90 JavaThread "Reference Handler"          daemon [_thread_blocked, id=13492, stack(0x0000007f04f00000,0x0000007f05000000) (1024K)]
  0x000001e776de3230 JavaThread "Finalizer"                  daemon [_thread_blocked, id=1624, stack(0x0000007f05000000,0x0000007f05100000) (1024K)]
  0x000001e776de8060 JavaThread "Signal Dispatcher"          daemon [_thread_blocked, id=2168, stack(0x0000007f05100000,0x0000007f05200000) (1024K)]
  0x000001e776de86d0 JavaThread "Attach Listener"            daemon [_thread_blocked, id=9956, stack(0x0000007f05200000,0x0000007f05300000) (1024K)]
  0x000001e776dece80 JavaThread "Service Thread"             daemon [_thread_blocked, id=10016, stack(0x0000007f05300000,0x0000007f05400000) (1024K)]
  0x000001e776ded880 JavaThread "Monitor Deflation Thread"   daemon [_thread_blocked, id=11760, stack(0x0000007f05400000,0x0000007f05500000) (1024K)]
  0x000001e74515fd60 JavaThread "C1 CompilerThread0"         daemon [_thread_blocked, id=24724, stack(0x0000007f05500000,0x0000007f05600000) (1024K)]
  0x000001e745256240 JavaThread "Common-Cleaner"             daemon [_thread_blocked, id=10772, stack(0x0000007f05600000,0x0000007f05700000) (1024K)]
  0x000001e7456c5550 JavaThread "Monitor Ctrl-Break"         daemon [_thread_in_native, id=12188, stack(0x0000007f05800000,0x0000007f05900000) (1024K)]
  0x000001e7456c5bc0 JavaThread "Notification Thread"        daemon [_thread_blocked, id=22012, stack(0x0000007f05900000,0x0000007f05a00000) (1024K)]
  0x000001e745a385d0 JavaThread "RMI TCP Accept-0"           daemon [_thread_in_native, id=23276, stack(0x0000007f05c00000,0x0000007f05d00000) (1024K)]
  0x000001e745b0b100 JavaThread "RMI Scheduler(0)"           daemon [_thread_blocked, id=5372, stack(0x0000007f05e00000,0x0000007f05f00000) (1024K)]
  0x000001e745b09a70 JavaThread "JMX server connection timeout 26" daemon [_thread_blocked, id=2356, stack(0x0000007f05f00000,0x0000007f06000000) (1024K)]
  0x000001e747fc0140 JavaThread "mysql-cj-abandoned-connection-cleanup" daemon [_thread_blocked, id=10592, stack(0x0000007f06900000,0x0000007f06a00000) (1024K)]
  0x000001e747fc2f30 JavaThread "HikariPool-1 housekeeper"   daemon [_thread_blocked, id=24980, stack(0x0000007f06c00000,0x0000007f06d00000) (1024K)]
  0x000001e747fc14f0 JavaThread "Catalina-utility-1"                [_thread_blocked, id=8652, stack(0x0000007f06e00000,0x0000007f06f00000) (1024K)]
  0x000001e7494e8130 JavaThread "Catalina-utility-2"                [_thread_blocked, id=24012, stack(0x0000007f06f00000,0x0000007f07000000) (1024K)]
  0x000001e7494e87c0 JavaThread "container-0"                       [_thread_blocked, id=13772, stack(0x0000007f07000000,0x0000007f07100000) (1024K)]
  0x000001e7494e6060 JavaThread "File Watcher"               daemon [_thread_blocked, id=22364, stack(0x0000007f06d00000,0x0000007f06e00000) (1024K)]
  0x000001e7494e9b70 JavaThread "Live Reload Server"         daemon [_thread_in_native, id=19748, stack(0x0000007f07200000,0x0000007f07300000) (1024K)]
  0x000001e7494e66f0 JavaThread "http-nio-8080-exec-1"       daemon [_thread_blocked, id=20644, stack(0x0000007f07100000,0x0000007f07200000) (1024K)]
  0x000001e7494ea200 JavaThread "http-nio-8080-exec-2"       daemon [_thread_blocked, id=24232, stack(0x0000007f07300000,0x0000007f07400000) (1024K)]
  0x000001e7494ea890 JavaThread "http-nio-8080-exec-3"       daemon [_thread_blocked, id=8420, stack(0x0000007f07400000,0x0000007f07500000) (1024K)]
  0x000001e7494e7410 JavaThread "http-nio-8080-exec-4"       daemon [_thread_blocked, id=7796, stack(0x0000007f07500000,0x0000007f07600000) (1024K)]
  0x000001e7494eaf20 JavaThread "http-nio-8080-exec-5"       daemon [_thread_blocked, id=25408, stack(0x0000007f07600000,0x0000007f07700000) (1024K)]
  0x000001e7494eb5b0 JavaThread "http-nio-8080-exec-6"       daemon [_thread_blocked, id=1088, stack(0x0000007f07700000,0x0000007f07800000) (1024K)]
  0x000001e7494ebc40 JavaThread "http-nio-8080-exec-7"       daemon [_thread_blocked, id=22784, stack(0x0000007f07800000,0x0000007f07900000) (1024K)]
  0x000001e7494ec960 JavaThread "http-nio-8080-exec-8"       daemon [_thread_blocked, id=21764, stack(0x0000007f07900000,0x0000007f07a00000) (1024K)]
  0x000001e7494ec2d0 JavaThread "http-nio-8080-exec-9"       daemon [_thread_blocked, id=11552, stack(0x0000007f07a00000,0x0000007f07b00000) (1024K)]
  0x000001e7494ecff0 JavaThread "http-nio-8080-exec-10"      daemon [_thread_blocked, id=25448, stack(0x0000007f07b00000,0x0000007f07c00000) (1024K)]
  0x000001e7494ed680 JavaThread "http-nio-8080-Poller"       daemon [_thread_blocked, id=6016, stack(0x0000007f07c00000,0x0000007f07d00000) (1024K)]
  0x000001e747fc0e60 JavaThread "http-nio-8080-Acceptor"     daemon [_thread_in_native, id=8164, stack(0x0000007f07d00000,0x0000007f07e00000) (1024K)]
  0x000001e748fee110 JavaThread "DestroyJavaVM"                     [_thread_blocked, id=12356, stack(0x0000007f04700000,0x0000007f04800000) (1024K)]
  0x000001e748fec6d0 JavaThread "RMI TCP Connection(3)-10.188.97.4" daemon [_thread_blocked, id=15840, stack(0x0000007f06700000,0x0000007f06800000) (1024K)]
Total: 34

Other Threads:
  0x000001e776dbca20 VMThread "VM Thread"                           [id=23260, stack(0x0000007f04e00000,0x0000007f04f00000) (1024K)]
  0x000001e776da65d0 WatcherThread "VM Periodic Task Thread"        [id=21428, stack(0x0000007f04d00000,0x0000007f04e00000) (1024K)]
  0x000001e766f15c40 WorkerThread "GC Thread#0"                     [id=13724, stack(0x0000007f04800000,0x0000007f04900000) (1024K)]
  0x000001e745b77470 WorkerThread "GC Thread#1"                     [id=2712, stack(0x0000007f06000000,0x0000007f06100000) (1024K)]
  0x000001e745c5a440 WorkerThread "GC Thread#2"                     [id=10268, stack(0x0000007f06100000,0x0000007f06200000) (1024K)]
  0x000001e745c65150 WorkerThread "GC Thread#3"                     [id=9936, stack(0x0000007f06200000,0x0000007f06300000) (1024K)]
=>0x000001e745c65c60 WorkerThread "GC Thread#4"                     [id=22776, stack(0x0000007f06300000,0x0000007f06400000) (1024K)]
  0x000001e745c649f0 WorkerThread "GC Thread#5"                     [id=15212, stack(0x0000007f06400000,0x0000007f06500000) (1024K)]
  0x000001e745c65500 WorkerThread "GC Thread#6"                     [id=1396, stack(0x0000007f06500000,0x0000007f06600000) (1024K)]
  0x000001e745c64da0 WorkerThread "GC Thread#7"                     [id=3132, stack(0x0000007f06600000,0x0000007f06700000) (1024K)]
  0x000001e766f273f0 ConcurrentGCThread "G1 Main Marker"            [id=20552, stack(0x0000007f04900000,0x0000007f04a00000) (1024K)]
  0x000001e766f294a0 WorkerThread "G1 Conc#0"                       [id=20244, stack(0x0000007f04a00000,0x0000007f04b00000) (1024K)]
  0x000001e746622250 WorkerThread "G1 Conc#1"                       [id=13468, stack(0x0000007f06a00000,0x0000007f06b00000) (1024K)]
  0x000001e766f6e4e0 ConcurrentGCThread "G1 Refine#0"               [id=8504, stack(0x0000007f04b00000,0x0000007f04c00000) (1024K)]
  0x000001e766f6e920 ConcurrentGCThread "G1 Service"                [id=2192, stack(0x0000007f04c00000,0x0000007f04d00000) (1024K)]
Total: 15

Threads with active compile tasks:
Total: 0

VM state: at safepoint (normal execution)

VM Mutex/Monitor currently owned by a thread:  ([mutex/lock_event])
[0x00007fff58cea600] FreeList_lock - owner thread: 0x000001e745c65c60
[0x00007fff58cecb80] Threads_lock - owner thread: 0x000001e776dbca20
[0x00007fff58cecc80] Heap_lock - owner thread: 0x000001e7494e6060

Heap address: 0x0000000084000000, size: 1984 MB, Compressed Oops mode: 32-bit

CDS archive(s) mapped at: [0x000001e700000000-0x000001e700c60000-0x000001e700c60000), size 12976128, SharedBaseAddress: 0x000001e700000000, ArchiveRelocationMode: 1.
Compressed class space mapped at: 0x000001e701000000-0x000001e741000000, reserved size: 1073741824
Narrow klass base: 0x000001e700000000, Narrow klass shift: 0, Narrow klass range: 0x41000000

GC Precious Log:
 CardTable entry size: 512
 Card Set container configuration: InlinePtr #cards 5 size 8 Array Of Cards #cards 12 size 40 Howl #buckets 4 coarsen threshold 1843 Howl Bitmap #cards 512 size 80 coarsen threshold 460 Card regions per heap region 1 cards per card region 2048
 CPUs: 8 total, 8 available
 Memory: 7934M
 Large Page Support: Disabled
 NUMA Support: Disabled
 Compressed Oops: Enabled (32-bit)
 Heap Region Size: 1M
 Heap Min Capacity: 8M
 Heap Initial Capacity: 124M
 Heap Max Capacity: 1984M
 Pre-touch: Disabled
 Parallel Workers: 8
 Concurrent Workers: 2
 Concurrent Refinement Workers: 8
 Periodic GC: Disabled

Heap:
 garbage-first heap   total reserved 2031616K, committed 76800K, used 69269K [0x0000000084000000, 0x0000000100000000)
  region size 1024K, 26 young (26624K), 3 survivors (3072K)
 Metaspace       used 78550K, committed 79552K, reserved 1179648K
  class space    used 11430K, committed 11904K, reserved 1048576K

Heap Regions: E=young(eden), S=young(survivor), O=old, HS=humongous(starts), HC=humongous(continues), CS=collection set, F=free, TAMS=top-at-mark-start, PB=parsable bottom
|   0|0x0000000084000000, 0x0000000084100000, 0x0000000084100000|100%|HS|  |TAMS 0x0000000084000000| PB 0x0000000084000000| Complete |  0
|   1|0x0000000084100000, 0x0000000084200000, 0x0000000084200000|100%| O|  |TAMS 0x0000000084100000| PB 0x0000000084100000| Untracked |  0
|   2|0x0000000084200000, 0x0000000084300000, 0x0000000084300000|100%| O|  |TAMS 0x0000000084200000| PB 0x0000000084200000| Untracked |  0
|   3|0x0000000084300000, 0x0000000084400000, 0x0000000084400000|100%| O|  |TAMS 0x0000000084300000| PB 0x0000000084300000| Untracked |  0
|   4|0x0000000084400000, 0x0000000084500000, 0x0000000084500000|100%| O|  |TAMS 0x0000000084400000| PB 0x0000000084400000| Untracked |  0
|   5|0x0000000084500000, 0x0000000084600000, 0x0000000084600000|100%| O|  |TAMS 0x0000000084500000| PB 0x0000000084500000| Untracked |  0
|   6|0x0000000084600000, 0x0000000084700000, 0x0000000084700000|100%| O|  |TAMS 0x0000000084600000| PB 0x0000000084600000| Untracked |  0
|   7|0x0000000084700000, 0x0000000084800000, 0x0000000084800000|100%| O|  |TAMS 0x0000000084700000| PB 0x0000000084700000| Untracked |  0
|   8|0x0000000084800000, 0x0000000084900000, 0x0000000084900000|100%| O|CS|TAMS 0x0000000084800000| PB 0x0000000084800000| Complete |  0
|   9|0x0000000084900000, 0x0000000084a00000, 0x0000000084a00000|100%| O|  |TAMS 0x0000000084900000| PB 0x0000000084900000| Untracked |  0
|  10|0x0000000084a00000, 0x0000000084b00000, 0x0000000084b00000|100%| O|  |TAMS 0x0000000084a00000| PB 0x0000000084a00000| Untracked |  0
|  11|0x0000000084b00000, 0x0000000084c00000, 0x0000000084c00000|100%| O|  |TAMS 0x0000000084b00000| PB 0x0000000084b00000| Untracked |  0
|  12|0x0000000084c00000, 0x0000000084d00000, 0x0000000084d00000|100%| O|CS|TAMS 0x0000000084c00000| PB 0x0000000084c00000| Complete |  0
|  13|0x0000000084d00000, 0x0000000084e00000, 0x0000000084e00000|100%| O|Cm|TAMS 0x0000000084d00000| PB 0x0000000084d00000| Complete |  0
|  14|0x0000000084e00000, 0x0000000084f00000, 0x0000000084f00000|100%| O|CS|TAMS 0x0000000084e00000| PB 0x0000000084e00000| Complete |  0
|  15|0x0000000084f00000, 0x0000000085000000, 0x0000000085000000|100%| O|  |TAMS 0x0000000084f00000| PB 0x0000000084f00000| Untracked |  0
|  16|0x0000000085000000, 0x0000000085100000, 0x0000000085100000|100%| O|  |TAMS 0x0000000085000000| PB 0x0000000085000000| Untracked |  0
|  17|0x0000000085100000, 0x0000000085200000, 0x0000000085200000|100%| O|  |TAMS 0x0000000085100000| PB 0x0000000085100000| Untracked |  0
|  18|0x0000000085200000, 0x0000000085300000, 0x0000000085300000|100%| O|  |TAMS 0x0000000085200000| PB 0x0000000085200000| Untracked |  0
|  19|0x0000000085300000, 0x0000000085400000, 0x0000000085400000|100%| O|  |TAMS 0x0000000085300000| PB 0x0000000085300000| Untracked |  0
|  20|0x0000000085400000, 0x0000000085500000, 0x0000000085500000|100%| O|  |TAMS 0x0000000085400000| PB 0x0000000085400000| Untracked |  0
|  21|0x0000000085500000, 0x0000000085600000, 0x0000000085600000|100%| O|  |TAMS 0x0000000085500000| PB 0x0000000085500000| Untracked |  0
|  22|0x0000000085600000, 0x0000000085700000, 0x0000000085700000|100%| O|  |TAMS 0x0000000085600000| PB 0x0000000085600000| Untracked |  0
|  23|0x0000000085700000, 0x0000000085800000, 0x0000000085800000|100%| O|  |TAMS 0x0000000085700000| PB 0x0000000085700000| Untracked |  0
|  24|0x0000000085800000, 0x0000000085900000, 0x0000000085900000|100%| O|  |TAMS 0x0000000085800000| PB 0x0000000085800000| Untracked |  0
|  25|0x0000000085900000, 0x0000000085a00000, 0x0000000085a00000|100%| O|  |TAMS 0x0000000085900000| PB 0x0000000085900000| Untracked |  0
|  26|0x0000000085a00000, 0x0000000085b00000, 0x0000000085b00000|100%| O|  |TAMS 0x0000000085a00000| PB 0x0000000085a00000| Untracked |  0
|  27|0x0000000085b00000, 0x0000000085c00000, 0x0000000085c00000|100%| O|  |TAMS 0x0000000085b00000| PB 0x0000000085b00000| Untracked |  0
|  28|0x0000000085c00000, 0x0000000085d00000, 0x0000000085d00000|100%| O|  |TAMS 0x0000000085c00000| PB 0x0000000085c00000| Untracked |  0
|  29|0x0000000085d00000, 0x0000000085e00000, 0x0000000085e00000|100%| O|  |TAMS 0x0000000085d00000| PB 0x0000000085d00000| Untracked |  0
|  30|0x0000000085e00000, 0x0000000085f00000, 0x0000000085f00000|100%| O|  |TAMS 0x0000000085e00000| PB 0x0000000085e00000| Untracked |  0
|  31|0x0000000085f00000, 0x0000000086000000, 0x0000000086000000|100%| O|  |TAMS 0x0000000085f00000| PB 0x0000000085f00000| Untracked |  0
|  32|0x0000000086000000, 0x0000000086100000, 0x0000000086100000|100%| O|  |TAMS 0x0000000086000000| PB 0x0000000086000000| Untracked |  0
|  33|0x0000000086100000, 0x0000000086200000, 0x0000000086200000|100%| O|CS|TAMS 0x0000000086100000| PB 0x0000000086100000| Complete |  0
|  34|0x0000000086200000, 0x0000000086300000, 0x0000000086300000|100%| O|CS|TAMS 0x0000000086200000| PB 0x0000000086200000| Complete |  0
|  35|0x0000000086300000, 0x0000000086400000, 0x0000000086400000|100%| O|  |TAMS 0x0000000086300000| PB 0x0000000086300000| Untracked |  0
|  36|0x0000000086400000, 0x0000000086500000, 0x0000000086500000|100%| O|CS|TAMS 0x0000000086400000| PB 0x0000000086400000| Complete |  0
|  37|0x0000000086500000, 0x0000000086600000, 0x0000000086600000|100%| O|  |TAMS 0x0000000086500000| PB 0x0000000086500000| Untracked |  0
|  38|0x0000000086600000, 0x0000000086700000, 0x0000000086700000|100%| O|  |TAMS 0x0000000086600000| PB 0x0000000086600000| Untracked |  0
|  39|0x0000000086700000, 0x0000000086800000, 0x0000000086800000|100%| O|  |TAMS 0x0000000086700000| PB 0x0000000086700000| Untracked |  0
|  40|0x0000000086800000, 0x0000000086900000, 0x0000000086900000|100%| O|CS|TAMS 0x0000000086800000| PB 0x0000000086800000| Complete |  0
|  41|0x0000000086900000, 0x0000000086a00000, 0x0000000086a00000|100%| O|  |TAMS 0x0000000086900000| PB 0x0000000086900000| Untracked |  0
|  42|0x0000000086a00000, 0x0000000086b00000, 0x0000000086b00000|100%| O|  |TAMS 0x0000000086a00000| PB 0x0000000086a00000| Untracked |  0
|  43|0x0000000086b00000, 0x0000000086c00000, 0x0000000086c00000|100%| O|CS|TAMS 0x0000000086b00000| PB 0x0000000086b00000| Complete |  0
|  44|0x0000000086c00000, 0x0000000086d00000, 0x0000000086d00000|100%| O|  |TAMS 0x0000000086c00000| PB 0x0000000086c00000| Untracked |  0
|  45|0x0000000086d00000, 0x0000000086e00000, 0x0000000086e00000|100%| O|  |TAMS 0x0000000086d00000| PB 0x0000000086d00000| Untracked |  0
|  46|0x0000000086e00000, 0x0000000086f00000, 0x0000000086f00000|100%| O|  |TAMS 0x0000000086e00000| PB 0x0000000086e00000| Untracked |  0
|  47|0x0000000086f00000, 0x0000000086fc4d00, 0x0000000087000000| 76%| S|  |TAMS 0x0000000086f00000| PB 0x0000000086f00000| Complete |  0
|  48|0x0000000087000000, 0x0000000087100000, 0x0000000087100000|100%| S|  |TAMS 0x0000000087000000| PB 0x0000000087000000| Complete |  0
|  49|0x0000000087100000, 0x0000000087200000, 0x0000000087200000|100%| S|  |TAMS 0x0000000087100000| PB 0x0000000087100000| Complete |  0
|  50|0x0000000087200000, 0x0000000087300000, 0x0000000087300000|100%| E|CS|TAMS 0x0000000087200000| PB 0x0000000087200000| Complete |  0
|  51|0x0000000087300000, 0x0000000087400000, 0x0000000087400000|100%| E|CS|TAMS 0x0000000087300000| PB 0x0000000087300000| Complete |  0
|  52|0x0000000087400000, 0x0000000087500000, 0x0000000087500000|100%| E|CS|TAMS 0x0000000087400000| PB 0x0000000087400000| Complete |  0
|  53|0x0000000087500000, 0x0000000087600000, 0x0000000087600000|100%| E|CS|TAMS 0x0000000087500000| PB 0x0000000087500000| Complete |  0
|  54|0x0000000087600000, 0x0000000087700000, 0x0000000087700000|100%| E|CS|TAMS 0x0000000087600000| PB 0x0000000087600000| Complete |  0
|  55|0x0000000087700000, 0x0000000087800000, 0x0000000087800000|100%| E|CS|TAMS 0x0000000087700000| PB 0x0000000087700000| Complete |  0
|  56|0x0000000087800000, 0x0000000087900000, 0x0000000087900000|100%| E|CS|TAMS 0x0000000087800000| PB 0x0000000087800000| Complete |  0
|  57|0x0000000087900000, 0x0000000087a00000, 0x0000000087a00000|100%| E|CS|TAMS 0x0000000087900000| PB 0x0000000087900000| Complete |  0
|  58|0x0000000087a00000, 0x0000000087b00000, 0x0000000087b00000|100%| E|CS|TAMS 0x0000000087a00000| PB 0x0000000087a00000| Complete |  0
|  59|0x0000000087b00000, 0x0000000087c00000, 0x0000000087c00000|100%| E|CS|TAMS 0x0000000087b00000| PB 0x0000000087b00000| Complete |  0
|  60|0x0000000087c00000, 0x0000000087d00000, 0x0000000087d00000|100%| E|CS|TAMS 0x0000000087c00000| PB 0x0000000087c00000| Complete |  0
|  61|0x0000000087d00000, 0x0000000087e00000, 0x0000000087e00000|100%| E|CS|TAMS 0x0000000087d00000| PB 0x0000000087d00000| Complete |  0
|  62|0x0000000087e00000, 0x0000000087f00000, 0x0000000087f00000|100%| E|CS|TAMS 0x0000000087e00000| PB 0x0000000087e00000| Complete |  0
|  63|0x0000000087f00000, 0x0000000088000000, 0x0000000088000000|100%| E|CS|TAMS 0x0000000087f00000| PB 0x0000000087f00000| Complete |  0
|  64|0x0000000088000000, 0x0000000088100000, 0x0000000088100000|100%| E|CS|TAMS 0x0000000088000000| PB 0x0000000088000000| Complete |  0
|  65|0x0000000088100000, 0x0000000088200000, 0x0000000088200000|100%| E|CS|TAMS 0x0000000088100000| PB 0x0000000088100000| Complete |  0
|  66|0x0000000088200000, 0x0000000088300000, 0x0000000088300000|100%| E|CS|TAMS 0x0000000088200000| PB 0x0000000088200000| Complete |  0
|  81|0x0000000089100000, 0x0000000089200000, 0x0000000089200000|100%| E|CS|TAMS 0x0000000089100000| PB 0x0000000089100000| Complete |  0
|  82|0x0000000089200000, 0x0000000089300000, 0x0000000089300000|100%| E|CS|TAMS 0x0000000089200000| PB 0x0000000089200000| Complete |  0
|  83|0x0000000089300000, 0x0000000089400000, 0x0000000089400000|100%| E|CS|TAMS 0x0000000089300000| PB 0x0000000089300000| Complete |  0
|  84|0x0000000089400000, 0x0000000089500000, 0x0000000089500000|100%| E|CS|TAMS 0x0000000089400000| PB 0x0000000089400000| Complete |  0
|  85|0x0000000089500000, 0x0000000089600000, 0x0000000089600000|100%| E|CS|TAMS 0x0000000089500000| PB 0x0000000089500000| Complete |  0
| 121|0x000000008b900000, 0x000000008ba00000, 0x000000008ba00000|100%| E|CS|TAMS 0x000000008b900000| PB 0x000000008b900000| Complete |  0
| 122|0x000000008ba00000, 0x000000008bb00000, 0x000000008bb00000|100%| E|CS|TAMS 0x000000008ba00000| PB 0x000000008ba00000| Complete |  0
| 123|0x000000008bb00000, 0x000000008bc00000, 0x000000008bc00000|100%| E|CS|TAMS 0x000000008bb00000| PB 0x000000008bb00000| Complete |  0

Card table byte_map: [0x000001e7726f0000,0x000001e772ad0000] _byte_map_base: 0x000001e7722d0000

Marking Bits: (CMBitMap*) 0x000001e766f16260
 Bits: [0x000001e772ad0000, 0x000001e7749d0000)

Polling page: 0x000001e764d90000

Metaspace:

Usage:
  Non-class:     65.55 MB used.
      Class:     11.16 MB used.
       Both:     76.71 MB used.

Virtual space:
  Non-class space:      128.00 MB reserved,      66.06 MB ( 52%) committed,  2 nodes.
      Class space:        1.00 GB reserved,      11.62 MB (  1%) committed,  1 nodes.
             Both:        1.12 GB reserved,      77.69 MB (  7%) committed. 

Chunk freelists:
   Non-Class:  13.99 MB
       Class:  4.55 MB
        Both:  18.54 MB

MaxMetaspaceSize: unlimited
CompressedClassSpaceSize: 1.00 GB
Initial GC threshold: 21.00 MB
Current GC threshold: 129.50 MB
CDS: on
 - commit_granule_bytes: 65536.
 - commit_granule_words: 8192.
 - virtual_space_node_default_size: 8388608.
 - enlarge_chunks_in_place: 1.
 - use_allocation_guard: 0.


Internal statistics:

num_allocs_failed_limit: 3.
num_arena_births: 1406.
num_arena_deaths: 450.
num_vsnodes_births: 3.
num_vsnodes_deaths: 0.
num_space_committed: 1243.
num_space_uncommitted: 0.
num_chunks_returned_to_freelist: 491.
num_chunks_taken_from_freelist: 4271.
num_chunk_merges: 128.
num_chunk_splits: 2964.
num_chunks_enlarged: 2290.
num_inconsistent_stats: 0.

CodeCache: size=49152Kb used=16583Kb max_used=18013Kb free=32568Kb
 bounds [0x000001e76f200000, 0x000001e7703a0000, 0x000001e772200000]
 total_blobs=10047 nmethods=9266 adapters=703
 compilation: enabled
              stopped_count=0, restarted_count=0
 full_count=0

Compilation events (20 events):
Event: 137.135 Thread 0x000001e74515fd60 10567       1       java.util.concurrent.locks.AbstractQueuedSynchronizer$Node::setPrevRelaxed (12 bytes)
Event: 137.136 Thread 0x000001e74515fd60 nmethod 10567 0x000001e76f563410 code [0x000001e76f5635a0, 0x000001e76f5636c0]
Event: 137.136 Thread 0x000001e74515fd60 10568       1       java.util.concurrent.locks.AbstractQueuedSynchronizer::casTail (13 bytes)
Event: 137.136 Thread 0x000001e74515fd60 nmethod 10568 0x000001e76f563110 code [0x000001e76f5632a0, 0x000001e76f5633c8]
Event: 137.492 Thread 0x000001e74515fd60 10569   !   1       org.apache.tomcat.util.net.NioEndpoint$Poller::events (266 bytes)
Event: 137.531 Thread 0x000001e74515fd60 nmethod 10569 0x000001e76f561d90 code [0x000001e76f562040, 0x000001e76f562970]
Event: 137.531 Thread 0x000001e74515fd60 10570  s    1       org.apache.tomcat.util.collections.SynchronizedQueue::size (23 bytes)
Event: 137.532 Thread 0x000001e74515fd60 nmethod 10570 0x000001e76f561990 code [0x000001e76f561b20, 0x000001e76f561cc0]
Event: 140.362 Thread 0x000001e74515fd60 10571       1       java.lang.Thread::sleep (29 bytes)
Event: 140.363 Thread 0x000001e74515fd60 nmethod 10571 0x000001e76f561190 code [0x000001e76f561340, 0x000001e76f5614e0]
Event: 140.363 Thread 0x000001e74515fd60 10572   !   1       java.lang.Thread::sleepNanos (53 bytes)
Event: 140.365 Thread 0x000001e74515fd60 nmethod 10572 0x000001e76f560c90 code [0x000001e76f560e40, 0x000001e76f561008]
Event: 140.365 Thread 0x000001e74515fd60 10573   !   1       java.lang.Thread::beforeSleep (33 bytes)
Event: 140.365 Thread 0x000001e74515fd60 nmethod 10573 0x000001e76f560990 code [0x000001e76f560b20, 0x000001e76f560bd0]
Event: 140.365 Thread 0x000001e74515fd60 10574       1       jdk.internal.event.ThreadSleepEvent::isTurnedOn (7 bytes)
Event: 140.365 Thread 0x000001e74515fd60 nmethod 10574 0x000001e76f560690 code [0x000001e76f560820, 0x000001e76f5608c8]
Event: 140.773 Thread 0x000001e74515fd60 10576   !   1       java.lang.Thread::afterSleep (13 bytes)
Event: 140.774 Thread 0x000001e74515fd60 nmethod 10576 0x000001e76f560310 code [0x000001e76f5604a0, 0x000001e76f560598]
Event: 140.805 Thread 0x000001e74515fd60 10577       1       org.apache.catalina.valves.ValveBase::getNext (5 bytes)
Event: 140.811 Thread 0x000001e74515fd60 nmethod 10577 0x000001e76f560010 code [0x000001e76f5601a0, 0x000001e76f560268]

GC Heap History (20 events):
Event: 10.047 GC heap after
{Heap after GC invocations=21 (full 0):
 garbage-first heap   total reserved 2031616K, committed 58368K, used 33192K [0x0000000084000000, 0x0000000100000000)
  region size 1024K, 3 young (3072K), 3 survivors (3072K)
 Metaspace       used 64803K, committed 65536K, reserved 1114112K
  class space    used 9414K, committed 9728K, reserved 1048576K
}
Event: 10.490 GC heap before
{Heap before GC invocations=21 (full 0):
 garbage-first heap   total reserved 2031616K, committed 58368K, used 50600K [0x0000000084000000, 0x0000000100000000)
  region size 1024K, 20 young (20480K), 3 survivors (3072K)
 Metaspace       used 67745K, committed 68480K, reserved 1114112K
  class space    used 9818K, committed 10112K, reserved 1048576K
}
Event: 10.495 GC heap after
{Heap after GC invocations=22 (full 0):
 garbage-first heap   total reserved 2031616K, committed 58368K, used 34179K [0x0000000084000000, 0x0000000100000000)
  region size 1024K, 2 young (2048K), 2 survivors (2048K)
 Metaspace       used 67745K, committed 68480K, reserved 1114112K
  class space    used 9818K, committed 10112K, reserved 1048576K
}
Event: 10.755 GC heap before
{Heap before GC invocations=22 (full 0):
 garbage-first heap   total reserved 2031616K, committed 58368K, used 51587K [0x0000000084000000, 0x0000000100000000)
  region size 1024K, 19 young (19456K), 2 survivors (2048K)
 Metaspace       used 69081K, committed 69888K, reserved 1114112K
  class space    used 10024K, committed 10368K, reserved 1048576K
}
Event: 10.758 GC heap after
{Heap after GC invocations=23 (full 0):
 garbage-first heap   total reserved 2031616K, committed 70656K, used 36120K [0x0000000084000000, 0x0000000100000000)
  region size 1024K, 2 young (2048K), 2 survivors (2048K)
 Metaspace       used 69081K, committed 69888K, reserved 1114112K
  class space    used 10024K, committed 10368K, reserved 1048576K
}
Event: 11.113 GC heap before
{Heap before GC invocations=24 (full 0):
 garbage-first heap   total reserved 2031616K, committed 70656K, used 63768K [0x0000000084000000, 0x0000000100000000)
  region size 1024K, 29 young (29696K), 2 survivors (2048K)
 Metaspace       used 70040K, committed 70848K, reserved 1114112K
  class space    used 10143K, committed 10496K, reserved 1048576K
}
Event: 11.116 GC heap after
{Heap after GC invocations=25 (full 0):
 garbage-first heap   total reserved 2031616K, committed 70656K, used 38022K [0x0000000084000000, 0x0000000100000000)
  region size 1024K, 4 young (4096K), 4 survivors (4096K)
 Metaspace       used 70040K, committed 70848K, reserved 1114112K
  class space    used 10143K, committed 10496K, reserved 1048576K
}
Event: 11.509 GC heap before
{Heap before GC invocations=25 (full 0):
 garbage-first heap   total reserved 2031616K, committed 70656K, used 60550K [0x0000000084000000, 0x0000000100000000)
  region size 1024K, 27 young (27648K), 4 survivors (4096K)
 Metaspace       used 72059K, committed 72896K, reserved 1114112K
  class space    used 10444K, committed 10816K, reserved 1048576K
}
Event: 11.514 GC heap after
{Heap after GC invocations=26 (full 0):
 garbage-first heap   total reserved 2031616K, committed 70656K, used 39572K [0x0000000084000000, 0x0000000100000000)
  region size 1024K, 4 young (4096K), 4 survivors (4096K)
 Metaspace       used 72059K, committed 72896K, reserved 1114112K
  class space    used 10444K, committed 10816K, reserved 1048576K
}
Event: 11.863 GC heap before
{Heap before GC invocations=26 (full 0):
 garbage-first heap   total reserved 2031616K, committed 70656K, used 62100K [0x0000000084000000, 0x0000000100000000)
  region size 1024K, 26 young (26624K), 4 survivors (4096K)
 Metaspace       used 74153K, committed 75072K, reserved 1114112K
  class space    used 10761K, committed 11136K, reserved 1048576K
}
Event: 11.868 GC heap after
{Heap after GC invocations=27 (full 0):
 garbage-first heap   total reserved 2031616K, committed 70656K, used 41834K [0x0000000084000000, 0x0000000100000000)
  region size 1024K, 4 young (4096K), 4 survivors (4096K)
 Metaspace       used 74153K, committed 75072K, reserved 1114112K
  class space    used 10761K, committed 11136K, reserved 1048576K
}
Event: 41.350 GC heap before
{Heap before GC invocations=28 (full 0):
 garbage-first heap   total reserved 2031616K, committed 70656K, used 62314K [0x0000000084000000, 0x0000000100000000)
  region size 1024K, 24 young (24576K), 4 survivors (4096K)
 Metaspace       used 75137K, committed 75968K, reserved 1114112K
  class space    used 10927K, committed 11264K, reserved 1048576K
}
Event: 41.358 GC heap after
{Heap after GC invocations=29 (full 0):
 garbage-first heap   total reserved 2031616K, committed 70656K, used 43492K [0x0000000084000000, 0x0000000100000000)
  region size 1024K, 2 young (2048K), 2 survivors (2048K)
 Metaspace       used 75137K, committed 75968K, reserved 1114112K
  class space    used 10927K, committed 11264K, reserved 1048576K
}
Event: 68.736 GC heap before
{Heap before GC invocations=29 (full 0):
 garbage-first heap   total reserved 2031616K, committed 70656K, used 62948K [0x0000000084000000, 0x0000000100000000)
  region size 1024K, 22 young (22528K), 2 survivors (2048K)
 Metaspace       used 76636K, committed 77632K, reserved 1179648K
  class space    used 11145K, committed 11584K, reserved 1048576K
}
Event: 68.745 GC heap after
{Heap after GC invocations=30 (full 0):
 garbage-first heap   total reserved 2031616K, committed 70656K, used 44113K [0x0000000084000000, 0x0000000100000000)
  region size 1024K, 3 young (3072K), 3 survivors (3072K)
 Metaspace       used 76636K, committed 77632K, reserved 1179648K
  class space    used 11145K, committed 11584K, reserved 1048576K
}
Event: 69.156 GC heap before
{Heap before GC invocations=30 (full 0):
 garbage-first heap   total reserved 2031616K, committed 70656K, used 62545K [0x0000000084000000, 0x0000000100000000)
  region size 1024K, 21 young (21504K), 3 survivors (3072K)
 Metaspace       used 78522K, committed 79552K, reserved 1179648K
  class space    used 11466K, committed 11904K, reserved 1048576K
}
Event: 69.160 GC heap after
{Heap after GC invocations=31 (full 0):
 garbage-first heap   total reserved 2031616K, committed 70656K, used 45252K [0x0000000084000000, 0x0000000100000000)
  region size 1024K, 3 young (3072K), 3 survivors (3072K)
 Metaspace       used 78522K, committed 79552K, reserved 1179648K
  class space    used 11466K, committed 11904K, reserved 1048576K
}
Event: 69.850 GC heap before
{Heap before GC invocations=32 (full 0):
 garbage-first heap   total reserved 2031616K, committed 76800K, used 61636K [0x0000000084000000, 0x0000000100000000)
  region size 1024K, 19 young (19456K), 3 survivors (3072K)
 Metaspace       used 78264K, committed 79552K, reserved 1179648K
  class space    used 11382K, committed 11904K, reserved 1048576K
}
Event: 69.854 GC heap after
{Heap after GC invocations=33 (full 0):
 garbage-first heap   total reserved 2031616K, committed 76800K, used 45717K [0x0000000084000000, 0x0000000100000000)
  region size 1024K, 2 young (2048K), 2 survivors (2048K)
 Metaspace       used 78264K, committed 79552K, reserved 1179648K
  class space    used 11382K, committed 11904K, reserved 1048576K
}
Event: 142.518 GC heap before
{Heap before GC invocations=33 (full 0):
 garbage-first heap   total reserved 2031616K, committed 76800K, used 69269K [0x0000000084000000, 0x0000000100000000)
  region size 1024K, 25 young (25600K), 2 survivors (2048K)
 Metaspace       used 78550K, committed 79552K, reserved 1179648K
  class space    used 11430K, committed 11904K, reserved 1048576K
}

Dll operation events (13 events):
Event: 0.026 Loaded shared library C:\Program Files\Java\jdk-22\bin\java.dll
Event: 0.227 Loaded shared library C:\Program Files\Java\jdk-22\bin\zip.dll
Event: 0.232 Loaded shared library C:\Program Files\Java\jdk-22\bin\instrument.dll
Event: 0.240 Loaded shared library C:\Program Files\Java\jdk-22\bin\net.dll
Event: 0.241 Loaded shared library C:\Program Files\Java\jdk-22\bin\nio.dll
Event: 0.245 Loaded shared library C:\Program Files\Java\jdk-22\bin\zip.dll
Event: 0.409 Loaded shared library C:\Program Files\JetBrains\IntelliJ IDEA 2024.2.1\bin\breakgen64.dll
Event: 0.419 Loaded shared library C:\Program Files\Java\jdk-22\bin\jimage.dll
Event: 0.423 Loaded shared library C:\Program Files\Java\jdk-22\bin\extnet.dll
Event: 0.450 Loaded shared library C:\Program Files\Java\jdk-22\bin\management.dll
Event: 0.477 Loaded shared library C:\Program Files\Java\jdk-22\bin\management_ext.dll
Event: 2.839 Loaded shared library C:\Program Files\Java\jdk-22\bin\sunmscapi.dll
Event: 6.305 Loaded shared library C:\Program Files\Java\jdk-22\bin\verify.dll

Deoptimization events (14 events):
Event: 7.678 Thread 0x000001e7463c4e70 DEOPT PACKING pc=0x000001e76fe5365c sp=0x0000007f068f8120
Event: 7.678 Thread 0x000001e7463c4e70 DEOPT UNPACKING pc=0x000001e76f254e42 sp=0x0000007f068f75a8 mode 0
Event: 10.229 Thread 0x000001e7463c4e70 DEOPT PACKING pc=0x000001e76f871994 sp=0x0000007f068fa3d0
Event: 10.229 Thread 0x000001e7463c4e70 DEOPT UNPACKING pc=0x000001e76f254e42 sp=0x0000007f068f9928 mode 0
Event: 10.523 Thread 0x000001e7463c4e70 DEOPT PACKING pc=0x000001e76f884339 sp=0x0000007f068fa6b0
Event: 10.523 Thread 0x000001e7463c4e70 DEOPT UNPACKING pc=0x000001e76f254e42 sp=0x0000007f068f9bb8 mode 3
Event: 69.082 Thread 0x000001e7494e66f0 DEOPT PACKING pc=0x000001e77018e2dc sp=0x0000007f071f87e0
Event: 69.082 Thread 0x000001e7494e66f0 DEOPT UNPACKING pc=0x000001e76f254e42 sp=0x0000007f071f7d08 mode 0
Event: 69.346 Thread 0x000001e7494e66f0 DEOPT PACKING pc=0x000001e76f6ef31a sp=0x0000007f071f9960
Event: 69.346 Thread 0x000001e7494e66f0 DEOPT UNPACKING pc=0x000001e76f254e42 sp=0x0000007f071f8e80 mode 3
Event: 69.365 Thread 0x000001e7494e66f0 DEOPT PACKING pc=0x000001e7702b02ac sp=0x0000007f071f9750
Event: 69.365 Thread 0x000001e7494e66f0 DEOPT UNPACKING pc=0x000001e76f254e42 sp=0x0000007f071f8cc8 mode 0
Event: 69.365 Thread 0x000001e7494e66f0 DEOPT PACKING pc=0x000001e7702abae4 sp=0x0000007f071f98a0
Event: 69.365 Thread 0x000001e7494e66f0 DEOPT UNPACKING pc=0x000001e76f254e42 sp=0x0000007f071f8d30 mode 0

Classes loaded (20 events):
Event: 68.889 Loading class org/w3c/dom/Node
Event: 68.890 Loading class org/w3c/dom/Node done
Event: 68.890 Loading class org/w3c/dom/Document
Event: 68.890 Loading class org/w3c/dom/Document done
Event: 68.994 Loading class java/lang/package-info
Event: 68.994 Loading class java/lang/package-info done
Event: 69.008 Loading class java/util/stream/ReduceOps$4
Event: 69.008 Loading class java/util/stream/ReduceOps$4 done
Event: 69.008 Loading class java/util/stream/ReduceOps$4ReducingSink
Event: 69.008 Loading class java/util/stream/ReduceOps$4ReducingSink done
Event: 69.076 Loading class java/util/package-info
Event: 69.076 Loading class java/util/package-info done
Event: 69.916 Loading class java/time/Instant$1
Event: 69.917 Loading class java/time/Instant$1 done
Event: 69.969 Loading class java/time/format/DateTimeFormatterBuilder$ZoneTextPrinterParser
Event: 69.970 Loading class java/time/format/DateTimeFormatterBuilder$ZoneTextPrinterParser done
Event: 69.970 Loading class java/time/format/DateTimeFormatterBuilder$ReducedPrinterParser
Event: 69.971 Loading class java/time/format/DateTimeFormatterBuilder$ReducedPrinterParser done
Event: 72.132 Loading class sun/net/ConnectionResetException
Event: 72.132 Loading class sun/net/ConnectionResetException done

Classes unloaded (20 events):
Event: 69.218 Thread 0x000001e776dbca20 Unloading class 0x000001e7010d7000 'java/lang/invoke/LambdaForm$MH+0x000001e7010d7000'
Event: 69.218 Thread 0x000001e776dbca20 Unloading class 0x000001e7010d6c00 'java/lang/invoke/LambdaForm$MH+0x000001e7010d6c00'
Event: 69.218 Thread 0x000001e776dbca20 Unloading class 0x000001e7010d6400 'java/lang/invoke/LambdaForm$MH+0x000001e7010d6400'
Event: 69.218 Thread 0x000001e776dbca20 Unloading class 0x000001e7010d5800 'java/lang/invoke/LambdaForm$MH+0x000001e7010d5800'
Event: 69.218 Thread 0x000001e776dbca20 Unloading class 0x000001e7010d5400 'java/lang/invoke/LambdaForm$MH+0x000001e7010d5400'
Event: 69.218 Thread 0x000001e776dbca20 Unloading class 0x000001e7010d5000 'java/lang/invoke/LambdaForm$MH+0x000001e7010d5000'
Event: 69.218 Thread 0x000001e776dbca20 Unloading class 0x000001e7010d4800 'java/lang/invoke/LambdaForm$MH+0x000001e7010d4800'
Event: 69.218 Thread 0x000001e776dbca20 Unloading class 0x000001e7010d4000 'java/lang/invoke/LambdaForm$MH+0x000001e7010d4000'
Event: 69.218 Thread 0x000001e776dbca20 Unloading class 0x000001e7010c0800 'java/lang/invoke/LambdaForm$DMH+0x000001e7010c0800'
Event: 69.218 Thread 0x000001e776dbca20 Unloading class 0x000001e7010c0000 'java/lang/invoke/LambdaForm$DMH+0x000001e7010c0000'
Event: 69.218 Thread 0x000001e776dbca20 Unloading class 0x000001e70100c800 'java/lang/invoke/LambdaForm$MH+0x000001e70100c800'
Event: 69.218 Thread 0x000001e776dbca20 Unloading class 0x000001e70100c400 'java/lang/invoke/LambdaForm$DMH+0x000001e70100c400'
Event: 69.218 Thread 0x000001e776dbca20 Unloading class 0x000001e70100c000 'java/lang/invoke/LambdaForm$DMH+0x000001e70100c000'
Event: 69.218 Thread 0x000001e776dbca20 Unloading class 0x000001e70100a800 'java/lang/invoke/LambdaForm$MH+0x000001e70100a800'
Event: 69.218 Thread 0x000001e776dbca20 Unloading class 0x000001e701006c00 'java/lang/invoke/LambdaForm$MH+0x000001e701006c00'
Event: 69.218 Thread 0x000001e776dbca20 Unloading class 0x000001e701006800 'java/lang/invoke/LambdaForm$MH+0x000001e701006800'
Event: 69.218 Thread 0x000001e776dbca20 Unloading class 0x000001e701006000 'java/lang/invoke/LambdaForm$MH+0x000001e701006000'
Event: 69.218 Thread 0x000001e776dbca20 Unloading class 0x000001e701002400 'java/lang/invoke/LambdaForm$MH+0x000001e701002400'
Event: 69.218 Thread 0x000001e776dbca20 Unloading class 0x000001e701002000 'java/lang/invoke/LambdaForm$MH+0x000001e701002000'
Event: 69.218 Thread 0x000001e776dbca20 Unloading class 0x000001e701001c00 'java/lang/invoke/LambdaForm$MH+0x000001e701001c00'

Classes redefined (0 events):
No events

Internal exceptions (20 events):
Event: 10.454 Thread 0x000001e7463c4e70 Exception <a 'java/lang/IncompatibleClassChangeError'{0x00000000869e7e50}: Found class java.lang.Object, but interface was expected> (0x00000000869e7e50) 
thrown [s\open\src\hotspot\share\interpreter\linkResolver.cpp, line 841]
Event: 10.534 Thread 0x000001e7463c4e70 Exception <a 'java/lang/NoSuchMethodError'{0x000000008b970468}: 'void java.lang.invoke.Invokers$Holder.invokeExact_MT(java.lang.Object, java.lang.Object, java.lang.Object, java.lang.Object)'> (0x000000008b970468) 
thrown [s\open\src\hotspot\share\interpreter\linkResolver.cpp, line 774]
Event: 10.535 Thread 0x000001e7463c4e70 Exception <a 'java/lang/NoSuchMethodError'{0x000000008b97e9d8}: 'void java.lang.invoke.DelegatingMethodHandle$Holder.reinvoke_L(java.lang.Object, java.lang.Object, long)'> (0x000000008b97e9d8) 
thrown [s\open\src\hotspot\share\interpreter\linkResolver.cpp, line 774]
Event: 10.580 Thread 0x000001e7463c4e70 Exception <a 'java/io/FileNotFoundException'{0x0000000089320bc0}> (0x0000000089320bc0) 
thrown [s\open\src\hotspot\share\prims\jni.cpp, line 520]
Event: 11.017 Thread 0x000001e7463c4e70 Exception <a 'java/lang/NoSuchMethodError'{0x00000000871b0f70}: 'java.lang.Object java.lang.invoke.DirectMethodHandle$Holder.newInvokeSpecial(java.lang.Object, java.lang.Object, java.lang.Object, java.lang.Object, java.lang.Object, java.lang.Object, java.lang.Object, java.lang.Object)'> (0x00000000871b0f70) 
thrown [s\open\src\hotspot\share\interpreter\linkResolver.cpp, line 774]
Event: 11.124 Thread 0x000001e7463c4e70 Exception <a 'java/lang/NoSuchMethodError'{0x000000008bb74558}: 'java.lang.Object java.lang.invoke.DirectMethodHandle$Holder.invokeVirtual(java.lang.Object, java.lang.Object, java.lang.Object, java.lang.Object, java.lang.Object, java.lang.Object, java.lang.Object)'> (0x000000008bb74558) 
thrown [s\open\src\hotspot\share\interpreter\linkResolver.cpp, line 774]
Event: 11.507 Thread 0x000001e7463c4e70 Exception <a 'java/lang/IncompatibleClassChangeError'{0x0000000086ec9e48}: Found class java.lang.Object, but interface was expected> (0x0000000086ec9e48) 
thrown [s\open\src\hotspot\share\interpreter\linkResolver.cpp, line 841]
Event: 11.586 Thread 0x000001e7463c4e70 Exception <a 'java/lang/NoSuchMethodError'{0x00000000894e2410}: 'java.lang.Object java.lang.invoke.DirectMethodHandle$Holder.invokeInterface(java.lang.Object, java.lang.Object, java.lang.Object, java.lang.Object)'> (0x00000000894e2410) 
thrown [s\open\src\hotspot\share\interpreter\linkResolver.cpp, line 774]
Event: 11.633 Thread 0x000001e7463c4e70 Exception <a 'java/lang/NoSuchMethodError'{0x00000000891a92d0}: 'void java.lang.invoke.DirectMethodHandle$Holder.invokeVirtual(java.lang.Object, java.lang.Object, long)'> (0x00000000891a92d0) 
thrown [s\open\src\hotspot\share\interpreter\linkResolver.cpp, line 774]
Event: 11.707 Thread 0x000001e7463c4e70 Exception <a 'java/lang/NoSuchMethodError'{0x000000008780d880}: 'int java.lang.invoke.DirectMethodHandle$Holder.invokeStaticInit(java.lang.Object, java.lang.Object, java.lang.Object, java.lang.Object)'> (0x000000008780d880) 
thrown [s\open\src\hotspot\share\interpreter\linkResolver.cpp, line 774]
Event: 11.769 Thread 0x000001e7463c4e70 Exception <a 'java/lang/NoSuchMethodError'{0x00000000875d96d0}: 'java.lang.Object java.lang.invoke.DirectMethodHandle$Holder.invokeVirtual(java.lang.Object, java.lang.Object, java.lang.Object, java.lang.Object, java.lang.Object, java.lang.Object, java.lang.Object, java.lang.Object, java.lang.Object)'> (0x00000000875d96d0) 
thrown [s\open\src\hotspot\share\interpreter\linkResolver.cpp, line 774]
Event: 11.800 Thread 0x000001e7463c4e70 Exception <a 'java/lang/NoSuchMethodError'{0x00000000873aa980}: 'java.lang.Object java.lang.invoke.DirectMethodHandle$Holder.invokeVirtual(java.lang.Object, java.lang.Object, java.lang.Object, java.lang.Object, java.lang.Object, java.lang.Object, java.lang.Object, java.lang.Object, java.lang.Object, java.lang.Object)'> (0x00000000873aa980) 
thrown [s\open\src\hotspot\share\interpreter\linkResolver.cpp, line 774]
Event: 11.863 Thread 0x000001e7463c4e70 Exception <a 'java/lang/IncompatibleClassChangeError'{0x0000000086ffb888}: Found class java.lang.Object, but interface was expected> (0x0000000086ffb888) 
thrown [s\open\src\hotspot\share\interpreter\linkResolver.cpp, line 841]
Event: 12.112 Thread 0x000001e7463c4e70 Exception <a 'java/lang/NoSuchMethodError'{0x0000000087aadf90}: 'java.lang.Object java.lang.invoke.DirectMethodHandle$Holder.newInvokeSpecial(java.lang.Object, java.lang.Object, int, java.lang.Object, java.lang.Object)'> (0x0000000087aadf90) 
thrown [s\open\src\hotspot\share\interpreter\linkResolver.cpp, line 774]
Event: 12.112 Thread 0x000001e7463c4e70 Exception <a 'java/lang/NoSuchMethodError'{0x0000000087ab2000}: 'java.lang.Object java.lang.invoke.DirectMethodHandle$Holder.invokeSpecial(java.lang.Object, java.lang.Object, java.lang.Object, int, java.lang.Object, java.lang.Object)'> (0x0000000087ab2000) 
thrown [s\open\src\hotspot\share\interpreter\linkResolver.cpp, line 774]
Event: 12.469 Thread 0x000001e745ada9c0 Exception <a 'java/lang/NoSuchMethodError'{0x0000000087786c80}: 'java.lang.Object java.lang.invoke.DirectMethodHandle$Holder.invokeInterface(java.lang.Object, java.lang.Object, java.lang.Object, java.lang.Object, java.lang.Object, java.lang.Object, java.lang.Object)'> (0x0000000087786c80) 
thrown [s\open\src\hotspot\share\interpreter\linkResolver.cpp, line 774]
Event: 68.374 Thread 0x000001e7494e66f0 Exception <a 'java/lang/NoSuchMethodError'{0x00000000891b2860}: 'java.lang.Object java.lang.invoke.DirectMethodHandle$Holder.invokeSpecial(java.lang.Object, java.lang.Object, java.lang.Object, java.lang.Object, java.lang.Object, long)'> (0x00000000891b2860) 
thrown [s\open\src\hotspot\share\interpreter\linkResolver.cpp, line 774]
Event: 68.374 Thread 0x000001e7494e66f0 Exception <a 'java/lang/NoSuchMethodError'{0x00000000891b6030}: 'java.lang.Object java.lang.invoke.Invokers$Holder.linkToTargetMethod(java.lang.Object, java.lang.Object, java.lang.Object, long, java.lang.Object)'> (0x00000000891b6030) 
thrown [s\open\src\hotspot\share\interpreter\linkResolver.cpp, line 774]
Event: 72.132 Thread 0x000001e7494ea200 Exception <a 'sun/net/ConnectionResetException'{0x0000000089188b18}: Connection reset> (0x0000000089188b18) 
thrown [s\open\src\hotspot\share\prims\jni.cpp, line 539]
Event: 86.026 Thread 0x000001e7494e7410 Exception <a 'sun/net/ConnectionResetException'{0x00000000880ef340}: Connection reset> (0x00000000880ef340) 
thrown [s\open\src\hotspot\share\prims\jni.cpp, line 539]

ZGC Phase Switch (0 events):
No events

VM Operations (20 events):
Event: 72.882 Executing VM operation: Cleanup done
Event: 76.917 Executing VM operation: Cleanup
Event: 76.917 Executing VM operation: Cleanup done
Event: 80.959 Executing VM operation: Cleanup
Event: 80.959 Executing VM operation: Cleanup done
Event: 83.995 Executing VM operation: Cleanup
Event: 83.995 Executing VM operation: Cleanup done
Event: 85.009 Executing VM operation: Cleanup
Event: 85.009 Executing VM operation: Cleanup done
Event: 89.061 Executing VM operation: Cleanup
Event: 89.061 Executing VM operation: Cleanup done
Event: 102.207 Executing VM operation: Cleanup
Event: 102.207 Executing VM operation: Cleanup done
Event: 120.327 Executing VM operation: HandshakeAllThreads (HandshakeForDeflation)
Event: 120.328 Executing VM operation: HandshakeAllThreads (HandshakeForDeflation) done
Event: 120.329 Executing VM operation: RendezvousGCThreads
Event: 120.329 Executing VM operation: RendezvousGCThreads done
Event: 121.334 Executing VM operation: Cleanup
Event: 121.334 Executing VM operation: Cleanup done
Event: 142.511 Executing VM operation: G1CollectForAllocation (G1 Evacuation Pause)

Memory protections (0 events):
No events

Nmethod flushes (20 events):
Event: 11.911 Thread 0x000001e776dbca20 flushing  nmethod 0x000001e76fb77310
Event: 11.911 Thread 0x000001e776dbca20 flushing  nmethod 0x000001e76fb79290
Event: 11.911 Thread 0x000001e776dbca20 flushing  nmethod 0x000001e76fb7b590
Event: 11.911 Thread 0x000001e776dbca20 flushing  nmethod 0x000001e76fb7d790
Event: 11.911 Thread 0x000001e776dbca20 flushing  nmethod 0x000001e76fb7f310
Event: 11.911 Thread 0x000001e776dbca20 flushing  nmethod 0x000001e76fbc1610
Event: 69.263 Thread 0x000001e776dbca20 flushing  nmethod 0x000001e76f8f7710
Event: 69.263 Thread 0x000001e776dbca20 flushing  nmethod 0x000001e76f9f4a90
Event: 69.263 Thread 0x000001e776dbca20 flushing  nmethod 0x000001e76fb1f610
Event: 69.263 Thread 0x000001e776dbca20 flushing  nmethod 0x000001e76f5eff10
Event: 69.263 Thread 0x000001e776dbca20 flushing  nmethod 0x000001e7700c4610
Event: 69.263 Thread 0x000001e776dbca20 flushing  nmethod 0x000001e7700f5d10
Event: 69.263 Thread 0x000001e776dbca20 flushing  nmethod 0x000001e76faac610
Event: 69.263 Thread 0x000001e776dbca20 flushing  nmethod 0x000001e76fb8ca90
Event: 69.263 Thread 0x000001e776dbca20 flushing  nmethod 0x000001e76f688310
Event: 69.263 Thread 0x000001e776dbca20 flushing  nmethod 0x000001e76fe74b90
Event: 69.263 Thread 0x000001e776dbca20 flushing  nmethod 0x000001e770133210
Event: 69.263 Thread 0x000001e776dbca20 flushing  nmethod 0x000001e76f5a4410
Event: 69.263 Thread 0x000001e776dbca20 flushing  nmethod 0x000001e76fb29310
Event: 69.263 Thread 0x000001e776dbca20 flushing  nmethod 0x000001e76fbeda90

Events (20 events):
Event: 68.703 Thread 0x000001e7494e66f0 Thread added: 0x000001e748feda80
Event: 68.704 Thread 0x000001e7494e66f0 Thread added: 0x000001e748fecd60
Event: 68.704 Thread 0x000001e7494e66f0 Thread added: 0x000001e748fec040
Event: 68.887 Thread 0x000001e74515fd60 Thread added: 0x000001e74525ce10
Event: 68.888 Thread 0x000001e74515fd60 Thread added: 0x000001e74525b2d0
Event: 68.955 Thread 0x000001e74525ce10 Thread added: 0x000001e745259790
Event: 73.189 Thread 0x000001e745259790 Thread exited: 0x000001e745259790
Event: 77.288 Thread 0x000001e748fec040 Thread exited: 0x000001e748fec040
Event: 80.541 Thread 0x000001e74525ce10 Thread exited: 0x000001e74525ce10
Event: 80.541 Thread 0x000001e74525b2d0 Thread exited: 0x000001e74525b2d0
Event: 84.315 Thread 0x000001e74515fd60 Thread added: 0x000001e749ae5b00
Event: 85.866 Thread 0x000001e748fecd60 Thread exited: 0x000001e748fecd60
Event: 88.883 Thread 0x000001e749ae5b00 Thread exited: 0x000001e749ae5b00
Event: 90.942 Thread 0x000001e74515fd60 Thread added: 0x000001e749ae4d60
Event: 90.942 Thread 0x000001e74515fd60 Thread added: 0x000001e749ae7640
Event: 94.441 Thread 0x000001e748feda80 Thread exited: 0x000001e748feda80
Event: 95.946 Thread 0x000001e749ae7640 Thread exited: 0x000001e749ae7640
Event: 95.947 Thread 0x000001e749ae4d60 Thread exited: 0x000001e749ae4d60
Event: 103.021 Thread 0x000001e748feb320 Thread exited: 0x000001e748feb320
Event: 121.234 Thread 0x000001e745ada9c0 Thread exited: 0x000001e745ada9c0


Dynamic libraries:
0x00007ff6cff90000 - 0x00007ff6cffa0000 	C:\Program Files\Java\jdk-22\bin\java.exe
0x00007ffff8380000 - 0x00007ffff85e0000 	C:\WINDOWS\SYSTEM32\ntdll.dll
0x00007ffff6ff0000 - 0x00007ffff70b7000 	C:\WINDOWS\System32\KERNEL32.DLL
0x00007ffff5db0000 - 0x00007ffff617b000 	C:\WINDOWS\System32\KERNELBASE.dll
0x00007ffff59b0000 - 0x00007ffff5afb000 	C:\WINDOWS\System32\ucrtbase.dll
0x00007fffe21f0000 - 0x00007fffe220b000 	C:\Program Files\Java\jdk-22\bin\VCRUNTIME140.dll
0x00007fffe2210000 - 0x00007fffe2227000 	C:\Program Files\Java\jdk-22\bin\jli.dll
0x00007ffff7bc0000 - 0x00007ffff7d8c000 	C:\WINDOWS\System32\USER32.dll
0x00007ffff5810000 - 0x00007ffff5837000 	C:\WINDOWS\System32\win32u.dll
0x00007fffdaba0000 - 0x00007fffdae37000 	C:\WINDOWS\WinSxS\amd64_microsoft.windows.common-controls_6595b64144ccf1df_6.0.26100.3624_none_3e086962e3345f24\COMCTL32.dll
0x00007ffff69d0000 - 0x00007ffff69fa000 	C:\WINDOWS\System32\GDI32.dll
0x00007ffff7a60000 - 0x00007ffff7b09000 	C:\WINDOWS\System32\msvcrt.dll
0x00007ffff56d0000 - 0x00007ffff5801000 	C:\WINDOWS\System32\gdi32full.dll
0x00007ffff5620000 - 0x00007ffff56c3000 	C:\WINDOWS\System32\msvcp_win.dll
0x00007ffff6bb0000 - 0x00007ffff6bdf000 	C:\WINDOWS\System32\IMM32.DLL
0x00007fffe20e0000 - 0x00007fffe20ec000 	C:\Program Files\Java\jdk-22\bin\vcruntime140_1.dll
0x00007fffcdd50000 - 0x00007fffcddde000 	C:\Program Files\Java\jdk-22\bin\msvcp140.dll
0x00007fff58080000 - 0x00007fff58dc9000 	C:\Program Files\Java\jdk-22\bin\server\jvm.dll
0x00007ffff64a0000 - 0x00007ffff6553000 	C:\WINDOWS\System32\ADVAPI32.dll
0x00007ffff7b10000 - 0x00007ffff7bb6000 	C:\WINDOWS\System32\sechost.dll
0x00007ffff7d90000 - 0x00007ffff7ea6000 	C:\WINDOWS\System32\RPCRT4.dll
0x00007ffff6420000 - 0x00007ffff6494000 	C:\WINDOWS\System32\WS2_32.dll
0x00007ffff4190000 - 0x00007ffff41ee000 	C:\WINDOWS\SYSTEM32\POWRPROF.dll
0x00007ffff2570000 - 0x00007ffff25a6000 	C:\WINDOWS\SYSTEM32\WINMM.dll
0x00007fffe4000000 - 0x00007fffe400b000 	C:\WINDOWS\SYSTEM32\VERSION.dll
0x00007ffff4170000 - 0x00007ffff4184000 	C:\WINDOWS\SYSTEM32\UMPDC.dll
0x00007ffff4450000 - 0x00007ffff446a000 	C:\WINDOWS\SYSTEM32\kernel.appcore.dll
0x00007fffe20d0000 - 0x00007fffe20da000 	C:\Program Files\Java\jdk-22\bin\jimage.dll
0x00007ffff2e00000 - 0x00007ffff3041000 	C:\WINDOWS\SYSTEM32\DBGHELP.DLL
0x00007ffff6640000 - 0x00007ffff69c3000 	C:\WINDOWS\System32\combase.dll
0x00007ffff6560000 - 0x00007ffff6636000 	C:\WINDOWS\System32\OLEAUT32.dll
0x00007fffc4390000 - 0x00007fffc43c9000 	C:\WINDOWS\SYSTEM32\dbgcore.DLL
0x00007ffff5b00000 - 0x00007ffff5b99000 	C:\WINDOWS\System32\bcryptPrimitives.dll
0x00007fffd5230000 - 0x00007fffd523f000 	C:\Program Files\Java\jdk-22\bin\instrument.dll
0x00007fffe1500000 - 0x00007fffe151e000 	C:\Program Files\Java\jdk-22\bin\java.dll
0x00007ffff70c0000 - 0x00007ffff77e9000 	C:\WINDOWS\System32\SHELL32.dll
0x00007ffff5840000 - 0x00007ffff59a8000 	C:\WINDOWS\System32\wintypes.dll
0x00007ffff6de0000 - 0x00007ffff6f76000 	C:\WINDOWS\System32\ole32.dll
0x00007ffff31e0000 - 0x00007ffff3a32000 	C:\WINDOWS\SYSTEM32\windows.storage.dll
0x00007ffff6a00000 - 0x00007ffff6aed000 	C:\WINDOWS\System32\SHCORE.dll
0x00007ffff6190000 - 0x00007ffff61f4000 	C:\WINDOWS\System32\shlwapi.dll
0x00007ffff5470000 - 0x00007ffff549f000 	C:\WINDOWS\SYSTEM32\profapi.dll
0x00007fffd7c70000 - 0x00007fffd7c87000 	C:\Program Files\Java\jdk-22\bin\zip.dll
0x00007fffe1e80000 - 0x00007fffe1e90000 	C:\Program Files\Java\jdk-22\bin\net.dll
0x00007ffff4950000 - 0x00007ffff49ba000 	C:\WINDOWS\system32\mswsock.dll
0x00007fffdce40000 - 0x00007fffdce56000 	C:\Program Files\Java\jdk-22\bin\nio.dll
0x00007fffd3830000 - 0x00007fffd384a000 	C:\Program Files\JetBrains\IntelliJ IDEA 2024.2.1\bin\breakgen64.dll
0x00007fffd5380000 - 0x00007fffd5389000 	C:\Program Files\Java\jdk-22\bin\extnet.dll
0x00007ffff3e10000 - 0x00007ffff3f35000 	C:\WINDOWS\SYSTEM32\DNSAPI.dll
0x00007ffff3dd0000 - 0x00007ffff3e03000 	C:\WINDOWS\SYSTEM32\IPHLPAPI.DLL
0x00007ffff6cf0000 - 0x00007ffff6cfa000 	C:\WINDOWS\System32\NSI.dll
0x00007fffed230000 - 0x00007fffed23b000 	C:\Windows\System32\rasadhlp.dll
0x00007fffeec30000 - 0x00007fffeecb5000 	C:\WINDOWS\System32\fwpuclnt.dll
0x00007fffdd560000 - 0x00007fffdd56a000 	C:\Program Files\Java\jdk-22\bin\management.dll
0x00007fffd92d0000 - 0x00007fffd92db000 	C:\Program Files\Java\jdk-22\bin\management_ext.dll
0x00007ffff6af0000 - 0x00007ffff6af8000 	C:\WINDOWS\System32\PSAPI.DLL
0x00007ffff4d00000 - 0x00007ffff4d1c000 	C:\WINDOWS\SYSTEM32\CRYPTSP.dll
0x00007ffff43b0000 - 0x00007ffff43ea000 	C:\WINDOWS\system32\rsaenh.dll
0x00007ffff49f0000 - 0x00007ffff4a1b000 	C:\WINDOWS\SYSTEM32\USERENV.dll
0x00007ffff4e90000 - 0x00007ffff4eb6000 	C:\WINDOWS\SYSTEM32\bcrypt.dll
0x00007ffff4b80000 - 0x00007ffff4b8c000 	C:\WINDOWS\SYSTEM32\CRYPTBASE.dll
0x00007fffd5110000 - 0x00007fffd5128000 	C:\WINDOWS\system32\napinsp.dll
0x00007fffd5240000 - 0x00007fffd5252000 	C:\WINDOWS\System32\winrnr.dll
0x00007fffd32e0000 - 0x00007fffd3310000 	C:\WINDOWS\system32\nlansp_c.dll
0x00007fffe9200000 - 0x00007fffe9216000 	C:\WINDOWS\system32\wshbth.dll
0x00007fffcb020000 - 0x00007fffcb06e000 	C:\WINDOWS\SYSTEM32\pdh.dll
0x00007fffce290000 - 0x00007fffce2a2000 	C:\WINDOWS\System32\perfproc.dll
0x00007fffd6310000 - 0x00007fffd631e000 	C:\Program Files\Java\jdk-22\bin\sunmscapi.dll
0x00007ffff5c30000 - 0x00007ffff5da7000 	C:\WINDOWS\System32\CRYPT32.dll
0x00007ffff4e50000 - 0x00007ffff4e80000 	C:\WINDOWS\SYSTEM32\ncrypt.dll
0x00007ffff4e00000 - 0x00007ffff4e3f000 	C:\WINDOWS\SYSTEM32\NTASN1.dll
0x00007fffd27c0000 - 0x00007fffd27d0000 	C:\Program Files\Java\jdk-22\bin\verify.dll
0x00007fffe1350000 - 0x00007fffe1358000 	C:\WINDOWS\system32\wshunix.dll

dbghelp: loaded successfully - version: 4.0.5 - missing functions: none
symbol engine: initialized successfully - sym options: 0x614 - pdb path: .;C:\Program Files\Java\jdk-22\bin;C:\WINDOWS\SYSTEM32;C:\WINDOWS\WinSxS\amd64_microsoft.windows.common-controls_6595b64144ccf1df_6.0.26100.3624_none_3e086962e3345f24;C:\Program Files\Java\jdk-22\bin\server;C:\Program Files\JetBrains\IntelliJ IDEA 2024.2.1\bin

VM Arguments:
jvm_args: -XX:TieredStopAtLevel=1 -Dspring.output.ansi.enabled=always -Dcom.sun.management.jmxremote -Dspring.jmx.enabled=true -Dspring.liveBeansView.mbeanDomain -Dspring.application.admin.enabled=true -Dmanagement.endpoints.jmx.exposure.include=* -javaagent:C:\Program Files\JetBrains\IntelliJ IDEA 2024.2.1\lib\idea_rt.jar=50660:C:\Program Files\JetBrains\IntelliJ IDEA 2024.2.1\bin -Dfile.encoding=UTF-8 -Dsun.stdout.encoding=UTF-8 -Dsun.stderr.encoding=UTF-8 
java_command: projet.creche.CrecheApplication
java_class_path (initial): C:\Users\Fawzi Ouaheb\OneDrive\Bureau\Projet Crches\code\2024_M2_PRO-03_GR11\app-back-site-vitrine\target\classes;C:\Users\Fawzi Ouaheb\.m2\repository\org\springframework\boot\spring-boot-starter-web\3.3.4\spring-boot-starter-web-3.3.4.jar;C:\Users\Fawzi Ouaheb\.m2\repository\org\springframework\boot\spring-boot-starter\3.3.4\spring-boot-starter-3.3.4.jar;C:\Users\Fawzi Ouaheb\.m2\repository\org\springframework\boot\spring-boot-starter-logging\3.3.4\spring-boot-starter-logging-3.3.4.jar;C:\Users\Fawzi Ouaheb\.m2\repository\ch\qos\logback\logback-classic\1.5.8\logback-classic-1.5.8.jar;C:\Users\Fawzi Ouaheb\.m2\repository\ch\qos\logback\logback-core\1.5.8\logback-core-1.5.8.jar;C:\Users\Fawzi Ouaheb\.m2\repository\org\apache\logging\log4j\log4j-to-slf4j\2.23.1\log4j-to-slf4j-2.23.1.jar;C:\Users\Fawzi Ouaheb\.m2\repository\org\apache\logging\log4j\log4j-api\2.23.1\log4j-api-2.23.1.jar;C:\Users\Fawzi Ouaheb\.m2\repository\org\slf4j\jul-to-slf4j\2.0.16\jul-to-slf4j-2.0.16.jar;C:\Users\Fawzi Ouaheb\.m2\repository\jakarta\annotation\jakarta.annotation-api\2.1.1\jakarta.annotation-api-2.1.1.jar;C:\Users\Fawzi Ouaheb\.m2\repository\org\yaml\snakeyaml\2.2\snakeyaml-2.2.jar;C:\Users\Fawzi Ouaheb\.m2\repository\org\springframework\boot\spring-boot-starter-json\3.3.4\spring-boot-starter-json-3.3.4.jar;C:\Users\Fawzi Ouaheb\.m2\repository\com\fasterxml\jackson\datatype\jackson-datatype-jdk8\2.17.2\jackson-datatype-jdk8-2.17.2.jar;C:\Users\Fawzi Ouaheb\.m2\repository\com\fasterxml\jackson\datatype\jackson-datatype-jsr310\2.17.2\jackson-datatype-jsr310-2.17.2.jar;C:\Users\Fawzi Ouaheb\.m2\repository\com\fasterxml\jackson\module\jackson-module-parameter-names\2.17.2\jackson-module-parameter-names-2.17.2.jar;C:\Users\Fawzi Ouaheb\.m2\repository\org\springframework\boot\spring-boot-starter-tomcat\3.3.4\spring-boot-starter-tomcat-3.3.4.jar;C:\Users\Fawzi Ouaheb\.m2\repository\org\apache\tomcat\embed\tomcat-embed-core\10.1.30\tomcat-embed-core-10.1.30.jar;C:\Users\Fawzi Ouaheb\.m2\repository\org\apache\tomcat\embed\tomcat-embed-websocket\10.1.30\tomcat-embed-websocket-10.1.30.jar;C:\Users\Fawzi Ouaheb\.m2\repository\org\springframework\spring-web\6.1.13\spring-web-6.1.13.jar;C:\Users\Fawzi Ouaheb\.m2\repository\org\springframework\spring-beans\6.1.13\spring-beans-6.1.13.jar;C:\Users\Fawzi Ouaheb\.m2\repository\io\micrometer\micrometer-observation\1.13.4\micrometer-observation-1.13.4.jar;C:\Users\Fawzi Ouaheb\.m2\repository\io\micrometer\micrometer-commons\1.13.4\micrometer-commons-1.13.4.jar;C:\Users\Fawzi Ouaheb\.m2\repository\org\springframework\spring-webmvc\6.1.13\spring-webmvc-6.1.13.jar;C:\Users\Fawzi Ouaheb\.m2\repository\org\springframework\spring-context\6.1.13\spring-context-6.1.13.jar;C:\Users\Fawzi Ouaheb\.m2\repository\org\springframework\spring-expression\6.1.13\spring-expression-6.1.13.jar;C:\Users\Fawzi Ouaheb\.m2\repository\org\springframework\boot\spring-boot-starter-data-jpa\3.3.4\spring-boot-starter-data-jpa-3.3.4.jar;C:\Users\Fawzi Ouaheb\.m2\repository\org\springframework\boot\spring-boot-starter-aop\3.3.4\spring-boot-starter-aop-3.3.4.jar;C:\Users\Fawzi Ouaheb\.m2\repository\org\aspectj\aspectjweaver\1.9.22.1\aspectjweaver-1.9.22.1.jar;C:\Users\Fawzi Ouaheb\.m2\repository\org\springframework\boot\spring-boot-starter-jdbc\3.3.4\spring-boot-starter-jdbc-3.3.4.jar;C:\Users\Fawzi Ouaheb\.m2\repository\com\zaxxer\HikariCP\5.1.0\HikariCP-5.1.0.jar;C:\Users\Fawzi Ouaheb\.m2\repository\org\springframework\spring-jdbc\6.1.13\spring-jdbc-6.1.13.jar;C:\Users\Fawzi Ouaheb\.m2\repository\org\hibernate\orm\hibernate-core\6.5.3.Final\hibernate-core-6.5.3.Final.jar;C:\Users\Fawzi Ouaheb\.m2\repository\jakarta\persistence\jakarta.persistence-api\3.1.0\jakarta.persistence-api-3.1.0.jar;C:\Users\Fawzi Ouaheb\.m2\repository\jakarta\transaction\jakarta.transaction-api\2.0.1\jakarta.transaction-api-2.0.1.jar;C:\Users\Fawzi Ouaheb\.m2\repository\org\jboss\logging\jboss-logging\3.5.3.Final\jboss-logging-3.5.3.Final.jar;C:\Users\Fawzi Ouaheb\.m2\repository\org\hibernate\common\hibernate-commons-annotations\6.0.6.Final\hibernate-commons-annotations-6.0.6.Final.jar;C:\Users\Fawzi Ouaheb\.m2\repository\io\smallrye\jandex\3.1.2\jandex-3.1.2.jar;C:\Users\Fawzi Ouaheb\.m2\repository\com\fasterxml\classmate\1.7.0\classmate-1.7.0.jar;C:\Users\Fawzi Ouaheb\.m2\repository\net\bytebuddy\byte-buddy\1.14.19\byte-buddy-1.14.19.jar;C:\Users\Fawzi Ouaheb\.m2\repository\org\glassfish\jaxb\jaxb-runtime\4.0.5\jaxb-runtime-4.0.5.jar;C:\Users\Fawzi Ouaheb\.m2\repository\org\glassfish\jaxb\jaxb-core\4.0.5\jaxb-core-4.0.5.jar;C:\Users\Fawzi Ouaheb\.m2\repository\org\eclipse\angus\angus-activation\2.0.2\angus-activation-2.0.2.jar;C:\Users\Fawzi Ouaheb\.m2\repository\org\glassfish\jaxb\txw2\4.0.5\txw2-4.0.5.jar;C:\Users\Fawzi Ouaheb\.m2\repository\com\sun\istack\istack-commons-runtime\4.1.2\istack-commons-runtime-4.1.2.jar;C:\Users\Fawzi Ouaheb\.m2\repository\jakarta\inject\jakarta.inject-api\2.0.1\jakarta.inject-api-2.0.1.jar;C:\Users\Fawzi Ouaheb\.m2\repository\org\antlr\antlr4-runtime\4.13.0\antlr4-runtime-4.13.0.jar;C:\Users\Fawzi Ouaheb\.m2\repository\org\springframework\data\spring-data-jpa\3.3.4\spring-data-jpa-3.3.4.jar;C:\Users\Fawzi Ouaheb\.m2\repository\org\springframework\data\spring-data-commons\3.3.4\spring-data-commons-3.3.4.jar;C:\Users\Fawzi Ouaheb\.m2\repository\org\springframework\spring-orm\6.1.13\spring-orm-6.1.13.jar;C:\Users\Fawzi Ouaheb\.m2\repository\org\springframework\spring-tx\6.1.13\spring-tx-6.1.13.jar;C:\Users\Fawzi Ouaheb\.m2\repository\org\slf4j\slf4j-api\2.0.16\slf4j-api-2.0.16.jar;C:\Users\Fawzi Ouaheb\.m2\repository\org\springframework\spring-aspects\6.1.13\spring-aspects-6.1.13.jar;C:\Users\Fawzi Ouaheb\.m2\repository\org\springframework\boot\spring-boot-starter-thymeleaf\3.3.4\spring-boot-starter-thymeleaf-3.3.4.jar;C:\Users\Fawzi Ouaheb\.m2\repository\org\thymeleaf\thymeleaf-spring6\3.1.2.RELEASE\thymeleaf-spring6-3.1.2.RELEASE.jar;C:\Users\Fawzi Ouaheb\.m2\repository\org\thymeleaf\thymeleaf\3.1.2.RELEASE\thymeleaf-3.1.2.RELEASE.jar;C:\Users\Fawzi Ouaheb\.m2\repository\org\attoparser\attoparser\2.0.7.RELEASE\attoparser-2.0.7.RELEASE.jar;C:\Users\Fawzi Ouaheb\.m2\repository\org\unbescape\unbescape\1.1.6.RELEASE\unbescape-1.1.6.RELEASE.jar;C:\Users\Fawzi Ouaheb\.m2\repository\org\springframework\boot\spring-boot-devtools\3.3.4\spring-boot-devtools-3.3.4.jar;C:\Users\Fawzi Ouaheb\.m2\repository\org\springframework\boot\spring-boot\3.3.4\spring-boot-3.3.4.jar;C:\Users\Fawzi Ouaheb\.m2\repository\org\springframework\boot\spring-boot-autoconfigure\3.3.4\spring-boot-autoconfigure-3.3.4.jar;C:\Users\Fawzi Ouaheb\.m2\repository\com\mysql\mysql-connector-j\8.3.0\mysql-connector-j-8.3.0.jar;C:\Users\Fawzi Ouaheb\.m2\repository\com\h2database\h2\2.2.224\h2-2.2.224.jar;C:\Users\Fawzi Ouaheb\.m2\repository\org\springframework\boot\spring-boot-starter-security\3.3.4\spring-boot-starter-security-3.3.4.jar;C:\Users\Fawzi Ouaheb\.m2\repository\org\springframework\spring-aop\6.1.13\spring-aop-6.1.13.jar;C:\Users\Fawzi Ouaheb\.m2\repository\org\springframework\security\spring-security-config\6.3.3\spring-security-config-6.3.3.jar;C:\Users\Fawzi Ouaheb\.m2\repository\org\springframework\security\spring-security-core\6.3.3\spring-security-core-6.3.3.jar;C:\Users\Fawzi Ouaheb\.m2\repository\org\springframework\security\spring-security-crypto\6.3.3\spring-security-crypto-6.3.3.jar;C:\Users\Fawzi Ouaheb\.m2\repository\org\springframework\security\spring-security-web\6.3.3\spring-security-web-6.3.3.jar;C:\Users\Fawzi Ouaheb\.m2\repository\io\jsonwebtoken\jjwt-api\0.11.5\jjwt-api-0.11.5.jar;C:\Users\Fawzi Ouaheb\.m2\repository\io\jsonwebtoken\jjwt-impl\0.11.5\jjwt-impl-0.11.5.jar;C:\Users\Fawzi Ouaheb\.m2\repository\io\jsonwebtoken\jjwt-jackson\0.11.5\jjwt-jackson-0.11.5.jar;C:\Users\Fawzi Ouaheb\.m2\repository\org\springframework\boot\spring-boot-starter-validation\3.3.4\spring-boot-starter-validation-3.3.4.jar;C:\Users\Fawzi Ouaheb\.m2\repository\org\apache\tomcat\embed\tomcat-embed-el\10.1.30\tomcat-embed-el-10.1.30.jar;C:\Users\Fawzi Ouaheb\.m2\repository\org\hibernate\validator\hibernate-validator\8.0.1.Final\hibernate-validator-8.0.1.Final.jar;C:\Users\Fawzi Ouaheb\.m2\repository\jakarta\validation\jakarta.validation-api\3.0.2\jakarta.validation-api-3.0.2.jar;C:\Users\Fawzi Ouaheb\.m2\repository\org\projectlombok\lombok\1.18.30\lombok-1.18.30.jar;C:\Users\Fawzi Ouaheb\.m2\repository\org\springdoc\springdoc-openapi-starter-webmvc-ui\2.6.0\springdoc-openapi-starter-webmvc-ui-2.6.0.jar;C:\Users\Fawzi Ouaheb\.m2\repository\org\springdoc\springdoc-openapi-starter-webmvc-api\2.6.0\springdoc-openapi-starter-webmvc-api-2.6.0.jar;C:\Users\Fawzi Ouaheb\.m2\repository\org\springdoc\springdoc-openapi-starter-common\2.6.0\springdoc-openapi-starter-common-2.6.0.jar;C:\Users\Fawzi Ouaheb\.m2\repository\io\swagger\core\v3\swagger-core-jakarta\2.2.22\swagger-core-jakarta-2.2.22.jar;C:\Users\Fawzi Ouaheb\.m2\repository\io\swagger\core\v3\swagger-annotations-jakarta\2.2.22\swagger-annotations-jakarta-2.2.22.jar;C:\Users\Fawzi Ouaheb\.m2\repository\io\swagger\core\v3\swagger-models-jakarta\2.2.22\swagger-models-jakarta-2.2.22.jar;C:\Users\Fawzi Ouaheb\.m2\repository\com\fasterxml\jackson\dataformat\jackson-dataformat-yaml\2.17.2\jackson-dataformat-yaml-2.17.2.jar;C:\Users\Fawzi Ouaheb\.m2\repository\org\webjars\swagger-ui\5.17.14\swagger-ui-5.17.14.jar;C:\Users\Fawzi Ouaheb\.m2\repository\com\fasterxml\jackson\core\jackson-databind\2.14.2\jackson-databind-2.14.2.jar;C:\Users\Fawzi Ouaheb\.m2\repository\com\fasterxml\jackson\core\jackson-annotations\2.17.2\jackson-annotations-2.17.2.jar;C:\Users\Fawzi Ouaheb\.m2\repository\com\fasterxml\jackson\core\jackson-core\2.17.2\jackson-core-2.17.2.jar;C:\Users\Fawzi Ouaheb\.m2\repository\jakarta\xml\bind\jakarta.xml.bind-api\4.0.2\jakarta.xml.bind-api-4.0.2.jar;C:\Users\Fawzi Ouaheb\.m2\repository\jakarta\activation\jakarta.activation-api\2.1.3\jakarta.activation-api-2.1.3.jar;C:\Users\Fawzi Ouaheb\.m2\repository\org\springframework\spring-core\6.1.13\spring-core-6.1.13.jar;C:\Users\Fawzi Ouaheb\.m2\repository\org\springframework\spring-jcl\6.1.13\spring-jcl-6.1.13.jar;C:\Users\Fawzi Ouaheb\.m2\repository\com\github\javafaker\javafaker\1.0.2\javafaker-1.0.2.jar;C:\Users\Fawzi Ouaheb\.m2\repository\org\apache\commons\commons-lang3\3.14.0\commons-lang3-3.14.0.jar;C:\Users\Fawzi Ouaheb\.m2\repository\org\yaml\snakeyaml\1.23\snakeyaml-1.23-android.jar;C:\Users\Fawzi Ouaheb\.m2\repository\com\github\mifmif\generex\1.0.2\generex-1.0.2.jar;C:\Users\Fawzi Ouaheb\.m2\repository\dk\brics\automaton\automaton\1.11-8\automaton-1.11-8.jar
Launcher Type: SUN_STANDARD

[Global flags]
     intx CICompilerCount                          = 4                                         {product} {ergonomic}
     uint ConcGCThreads                            = 2                                         {product} {ergonomic}
     uint G1ConcRefinementThreads                  = 8                                         {product} {ergonomic}
   size_t G1HeapRegionSize                         = 1048576                                   {product} {ergonomic}
   size_t InitialHeapSize                          = 130023424                                 {product} {ergonomic}
     bool ManagementServer                         = true                                      {product} {command line}
   size_t MarkStackSize                            = 4194304                                   {product} {ergonomic}
   size_t MaxHeapSize                              = 2080374784                                {product} {ergonomic}
   size_t MaxNewSize                               = 1247805440                                {product} {ergonomic}
   size_t MinHeapDeltaBytes                        = 1048576                                   {product} {ergonomic}
   size_t MinHeapSize                              = 8388608                                   {product} {ergonomic}
    uintx NonNMethodCodeHeapSize                   = 4096                                   {pd product} {ergonomic}
    uintx NonProfiledCodeHeapSize                  = 0                                      {pd product} {ergonomic}
     bool ProfileInterpreter                       = false                                  {pd product} {command line}
    uintx ProfiledCodeHeapSize                     = 0                                      {pd product} {ergonomic}
   size_t SoftMaxHeapSize                          = 2080374784                             {manageable} {ergonomic}
     intx TieredStopAtLevel                        = 1                                         {product} {command line}
     bool UseCompressedOops                        = true                           {product lp64_product} {ergonomic}
     bool UseG1GC                                  = true                                      {product} {ergonomic}
     bool UseLargePagesIndividualAllocation        = false                                  {pd product} {ergonomic}

Logging:
Log output configuration:
 #0: stdout all=warning uptime,level,tags foldmultilines=false
 #1: stderr all=off uptime,level,tags foldmultilines=false

Environment Variables:
JAVA_HOME=C:\Program Files\Java\jdk-22
PATH=C:\Program Files (x86)\VMware\VMware Workstation\bin\;C:\Program Files\Common Files\Oracle\Java\javapath;C:\Program Files (x86)\Common Files\Oracle\Java\java8path;C:\Program Files (x86)\Common Files\Oracle\Java\javapath;C:\WINDOWS\system32;C:\WINDOWS;C:\WINDOWS\System32\Wbem;C:\WINDOWS\System32\WindowsPowerShell\v1.0\;C:\WINDOWS\System32\OpenSSH\;C:\Program Files\nodejs\;C:\wamp64\bin\php\php8.3.0;C:\Program Files\ngrok;C:\Program Files\john-1.9.0-jumbo-1-win64\run;C:\Program Files\Docker\Docker\resources\bin;C:\Users\Fawzi Ouaheb\apache-maven-3.9.6\bin;C:\Program Files\mongosh-2.2.5-win32-x64\bin;C:\Program Files\MongoDB\Server\7.0\bin;C:\Program Files\CMake\bin;C:\Program Files (x86)\GnuWin32\bin;C:\Program Files\gcc-14.1.0-no-debug\bin;C:\Program Files\mingw64\bin;C:\Program Files\CrowdSec\;C:\Program Files\PuTTY\;C:\Program Files\Java\jdk-22\bin;C:\Users\Fawzi Ouaheb\AppData\Local\Microsoft\WindowsApps;C:\wamp64\bin\php\php7.4.33;C:\Users\Fawzi Ouaheb\AppData\Local\ComposerSetup\bin;C:\Users\Fawzi Ouaheb\AppData\Roaming\Composer\vendor\bin;C:\Users\Fawzi Ouaheb\AppData\Roaming\npm;C:\Users\Fawzi Ouaheb\AppData\Local\Programs\Microsoft VS Code\bin;C:\Users\Fawzi Ouaheb\AppData\Local\Programs\Git\cmd
USERNAME=Fawzi Ouaheb
OS=Windows_NT
PROCESSOR_IDENTIFIER=Intel64 Family 6 Model 142 Stepping 12, GenuineIntel
TMP=C:\Users\FAWZIO~1\AppData\Local\Temp
TEMP=C:\Users\FAWZIO~1\AppData\Local\Temp




Periodic native trim disabled

---------------  S Y S T E M  ---------------

OS:
 Windows 11 , 64 bit Build 26100 (10.0.26100.3624)
OS uptime: 0 days 21:07 hours
Hyper-V role detected

CPU: total 8 (initial active 8) (4 cores per cpu, 2 threads per core) family 6 model 142 stepping 12 microcode 0xea, cx8, cmov, fxsr, ht, mmx, 3dnowpref, sse, sse2, sse3, ssse3, sse4.1, sse4.2, popcnt, lzcnt, tsc, tscinvbit, avx, avx2, aes, erms, clmul, bmi1, bmi2, adx, fma, vzeroupper, clflush, clflushopt, hv, rdtscp, f16c
Processor Information for all 8 processors :
  Max Mhz: 1800, Current Mhz: 1600, Mhz Limit: 1584

Memory: 4k page, system-wide physical 7934M (466M free)
TotalPageFile size 22886M (AvailPageFile size 1M)
current process WorkingSet (physical memory assigned to process): 75M, peak: 257M
current process commit charge ("private bytes"): 314M, peak: 323M

vm_info: Java HotSpot(TM) 64-Bit Server VM (22.0.2+9-70) for windows-amd64 JRE (22.0.2+9-70), built on 2024-06-04T16:52:23Z by "mach5one" with MS VC++ 17.6 (VS2022)

END.
